<?xml version="1.0" encoding="UTF-8"?>
<!-- Generated by org.testng.reporters.JUnitReportReporter -->
<testsuite hostname="DESKTOP-PGLM174" failures="0" tests="1" name="TestCases.CheckoutTest" time="0.912" errors="0" timestamp="2025-10-07T19:11:23 IST" skipped="0">
  <testcase classname="TestCases.CheckoutTest" name="verifyCheckoutProcess" time="0.912"/>
</testsuite> <!-- TestCases.CheckoutTest -->
