<?xml version="1.0" encoding="UTF-8"?>
<!-- Generated by org.testng.reporters.JUnitReportReporter -->
<testsuite hostname="DESKTOP-PGLM174" failures="0" tests="1" name="TestCases.ProductTest" time="0.370" errors="0" timestamp="2025-10-07T17:58:19 IST" skipped="0">
  <testcase classname="TestCases.ProductTest" name="verifyProductPageAndAddToCart" time="0.370"/>
</testsuite> <!-- TestCases.ProductTest -->
