<?xml version="1.0" encoding="UTF-8"?>
<!-- Generated by org.testng.reporters.JUnitReportReporter -->
<testsuite hostname="DESKTOP-PGLM174" failures="0" tests="1" name="TestCases.TestCart" time="0.415" errors="0" timestamp="2025-10-07T17:58:19 IST" skipped="0">
  <testcase classname="TestCases.TestCart" name="verifyCartPageAfterAddingProduct" time="0.415"/>
</testsuite> <!-- TestCases.TestCart -->
